D:\Aditya\Reusable Assets\Angular4_WebApiTemplate\Angular4_WebApiTemplate\appScripts\Components\AppComponent.js
D:\Aditya\Reusable Assets\Angular4_WebApiTemplate\Angular4_WebApiTemplate\appScripts\Components\AppComponent.js.map
D:\Aditya\Reusable Assets\Angular4_WebApiTemplate\Angular4_WebApiTemplate\appScripts\app.js
D:\Aditya\Reusable Assets\Angular4_WebApiTemplate\Angular4_WebApiTemplate\appScripts\app.js.map
D:\Aditya\Reusable Assets\Angular4_WebApiTemplate\Angular4_WebApiTemplate\appScripts\main.js
D:\Aditya\Reusable Assets\Angular4_WebApiTemplate\Angular4_WebApiTemplate\appScripts\main.js.map
D:\Aditya\Reusable Assets\Angular4_WebApiTemplate\Angular4_WebApiTemplate\appScripts\Components\AppComponent.js
D:\Aditya\Reusable Assets\Angular4_WebApiTemplate\Angular4_WebApiTemplate\appScripts\Components\AppComponent.js.map
D:\Aditya\Reusable Assets\Angular4_WebApiTemplate\Angular4_WebApiTemplate\appScripts\app.js
D:\Aditya\Reusable Assets\Angular4_WebApiTemplate\Angular4_WebApiTemplate\appScripts\app.js.map
D:\Aditya\Reusable Assets\Angular4_WebApiTemplate\Angular4_WebApiTemplate\appScripts\main.js
D:\Aditya\Reusable Assets\Angular4_WebApiTemplate\Angular4_WebApiTemplate\appScripts\main.js.map
D:\Aditya\Reusable Assets\Angular4_WebApiTemplate\Angular4_WebApiTemplate\appScripts\Components\AppComponent.js
D:\Aditya\Reusable Assets\Angular4_WebApiTemplate\Angular4_WebApiTemplate\appScripts\Components\AppComponent.js.map
D:\Aditya\Reusable Assets\Angular4_WebApiTemplate\Angular4_WebApiTemplate\appScripts\app.js
D:\Aditya\Reusable Assets\Angular4_WebApiTemplate\Angular4_WebApiTemplate\appScripts\app.js.map
D:\Aditya\Reusable Assets\Angular4_WebApiTemplate\Angular4_WebApiTemplate\appScripts\main.js
D:\Aditya\Reusable Assets\Angular4_WebApiTemplate\Angular4_WebApiTemplate\appScripts\main.js.map
D:\Aditya\Reusable Assets\Angular4_WebApiTemplate\Angular4_WebApiTemplate\appScripts\Components\AppComponent.js
D:\Aditya\Reusable Assets\Angular4_WebApiTemplate\Angular4_WebApiTemplate\appScripts\Components\AppComponent.js.map
D:\Aditya\Reusable Assets\Angular4_WebApiTemplate\Angular4_WebApiTemplate\appScripts\app.js
D:\Aditya\Reusable Assets\Angular4_WebApiTemplate\Angular4_WebApiTemplate\appScripts\app.js.map
D:\Aditya\Reusable Assets\Angular4_WebApiTemplate\Angular4_WebApiTemplate\appScripts\main.js
D:\Aditya\Reusable Assets\Angular4_WebApiTemplate\Angular4_WebApiTemplate\appScripts\main.js.map
D:\Aditya\Reusable Assets\Angular4_WebApiTemplate\Angular4_WebApiTemplate\appScripts\Components\AppComponent.js
D:\Aditya\Reusable Assets\Angular4_WebApiTemplate\Angular4_WebApiTemplate\appScripts\Components\AppComponent.js.map
D:\Aditya\Reusable Assets\Angular4_WebApiTemplate\Angular4_WebApiTemplate\appScripts\app.js
D:\Aditya\Reusable Assets\Angular4_WebApiTemplate\Angular4_WebApiTemplate\appScripts\app.js.map
D:\Aditya\Reusable Assets\Angular4_WebApiTemplate\Angular4_WebApiTemplate\appScripts\main.js
D:\Aditya\Reusable Assets\Angular4_WebApiTemplate\Angular4_WebApiTemplate\appScripts\main.js.map
D:\Aditya\Reusable Assets\angular4_webapi_template\Angular4_WebApiTemplate\appScripts\Components\AppComponent.js
D:\Aditya\Reusable Assets\angular4_webapi_template\Angular4_WebApiTemplate\appScripts\Components\AppComponent.js.map
D:\Aditya\Reusable Assets\angular4_webapi_template\Angular4_WebApiTemplate\appScripts\app.js
D:\Aditya\Reusable Assets\angular4_webapi_template\Angular4_WebApiTemplate\appScripts\app.js.map
D:\Aditya\Reusable Assets\angular4_webapi_template\Angular4_WebApiTemplate\appScripts\main.js
D:\Aditya\Reusable Assets\angular4_webapi_template\Angular4_WebApiTemplate\appScripts\main.js.map
