E:\BitBucketProjects\DynamicForm\dynamic-form-multi-tenant\DynamicForm\appScripts\AppComponent.js
E:\BitBucketProjects\DynamicForm\dynamic-form-multi-tenant\DynamicForm\appScripts\AppComponent.js.map
E:\BitBucketProjects\DynamicForm\dynamic-form-multi-tenant\DynamicForm\appScripts\Question\Generated.Question.Service.js
E:\BitBucketProjects\DynamicForm\dynamic-form-multi-tenant\DynamicForm\appScripts\Question\Generated.Question.Service.js.map
E:\BitBucketProjects\DynamicForm\dynamic-form-multi-tenant\DynamicForm\appScripts\QuestionType\Generated.QuestionType.Service.js
E:\BitBucketProjects\DynamicForm\dynamic-form-multi-tenant\DynamicForm\appScripts\QuestionType\Generated.QuestionType.Service.js.map
E:\BitBucketProjects\DynamicForm\dynamic-form-multi-tenant\DynamicForm\appScripts\SurveyForm\Generated.SurveyForm.Service.js
E:\BitBucketProjects\DynamicForm\dynamic-form-multi-tenant\DynamicForm\appScripts\SurveyForm\Generated.SurveyForm.Service.js.map
E:\BitBucketProjects\DynamicForm\dynamic-form-multi-tenant\DynamicForm\appScripts\SurveyAnswer\Generated.SurveyAnswer.Service.js
E:\BitBucketProjects\DynamicForm\dynamic-form-multi-tenant\DynamicForm\appScripts\SurveyAnswer\Generated.SurveyAnswer.Service.js.map
E:\BitBucketProjects\DynamicForm\dynamic-form-multi-tenant\DynamicForm\appScripts\Question\Generated.Question.Component.js
E:\BitBucketProjects\DynamicForm\dynamic-form-multi-tenant\DynamicForm\appScripts\Question\Generated.Question.Component.js.map
E:\BitBucketProjects\DynamicForm\dynamic-form-multi-tenant\DynamicForm\appScripts\Answer\Generated.Answer.Service.js
E:\BitBucketProjects\DynamicForm\dynamic-form-multi-tenant\DynamicForm\appScripts\Answer\Generated.Answer.Service.js.map
E:\BitBucketProjects\DynamicForm\dynamic-form-multi-tenant\DynamicForm\appScripts\Answer\Generated.Answer.Component.js
E:\BitBucketProjects\DynamicForm\dynamic-form-multi-tenant\DynamicForm\appScripts\Answer\Generated.Answer.Component.js.map
E:\BitBucketProjects\DynamicForm\dynamic-form-multi-tenant\DynamicForm\appScripts\SurveyForm\Generated.SurveyForm.Component.js
E:\BitBucketProjects\DynamicForm\dynamic-form-multi-tenant\DynamicForm\appScripts\SurveyForm\Generated.SurveyForm.Component.js.map
E:\BitBucketProjects\DynamicForm\dynamic-form-multi-tenant\DynamicForm\appScripts\SurveyForm\SurveyName\Generated.SurveyName.Service.js
E:\BitBucketProjects\DynamicForm\dynamic-form-multi-tenant\DynamicForm\appScripts\SurveyForm\SurveyName\Generated.SurveyName.Service.js.map
E:\BitBucketProjects\DynamicForm\dynamic-form-multi-tenant\DynamicForm\appScripts\SurveyForm\SurveyName\Generated.SurveyName.Component.js
E:\BitBucketProjects\DynamicForm\dynamic-form-multi-tenant\DynamicForm\appScripts\SurveyForm\SurveyName\Generated.SurveyName.Component.js.map
E:\BitBucketProjects\DynamicForm\dynamic-form-multi-tenant\DynamicForm\appScripts\SurveyAnswer\Generated.SurveyAnswer.Component.js
E:\BitBucketProjects\DynamicForm\dynamic-form-multi-tenant\DynamicForm\appScripts\SurveyAnswer\Generated.SurveyAnswer.Component.js.map
E:\BitBucketProjects\DynamicForm\dynamic-form-multi-tenant\DynamicForm\appScripts\DynamicForm\Generated.DynamicForm.Service.js
E:\BitBucketProjects\DynamicForm\dynamic-form-multi-tenant\DynamicForm\appScripts\DynamicForm\Generated.DynamicForm.Service.js.map
E:\BitBucketProjects\DynamicForm\dynamic-form-multi-tenant\DynamicForm\appScripts\DynamicForm\Generated.DynamicForm.Component.js
E:\BitBucketProjects\DynamicForm\dynamic-form-multi-tenant\DynamicForm\appScripts\DynamicForm\Generated.DynamicForm.Component.js.map
E:\BitBucketProjects\DynamicForm\dynamic-form-multi-tenant\DynamicForm\appScripts\app.js
E:\BitBucketProjects\DynamicForm\dynamic-form-multi-tenant\DynamicForm\appScripts\app.js.map
E:\BitBucketProjects\DynamicForm\dynamic-form-multi-tenant\DynamicForm\appScripts\main.js
E:\BitBucketProjects\DynamicForm\dynamic-form-multi-tenant\DynamicForm\appScripts\main.js.map
E:\BitBucketProjects\DynamicForm\dynamic-form-multi-tenant\DynamicForm\appScripts\BusinessUnit\Generated.BusinessUnit.Service.js
E:\BitBucketProjects\DynamicForm\dynamic-form-multi-tenant\DynamicForm\appScripts\BusinessUnit\Generated.BusinessUnit.Service.js.map
E:\BitBucketProjects\DynamicForm\dynamic-form-multi-tenant\DynamicForm\appScripts\BusinessUnit\Generated.BusinessUnit.Component.js
E:\BitBucketProjects\DynamicForm\dynamic-form-multi-tenant\DynamicForm\appScripts\BusinessUnit\Generated.BusinessUnit.Component.js.map
E:\BitBucketProjects\DynamicForm\dynamic-form-multi-tenant\DynamicForm\appScripts\BusinessUnitQuestion\Generated.BusinessUnitQuestion.Service.js
E:\BitBucketProjects\DynamicForm\dynamic-form-multi-tenant\DynamicForm\appScripts\BusinessUnitQuestion\Generated.BusinessUnitQuestion.Service.js.map
E:\BitBucketProjects\DynamicForm\dynamic-form-multi-tenant\DynamicForm\appScripts\BusinessUnitQuestion\Generated.BusinessUnitQuestion.Component.js
E:\BitBucketProjects\DynamicForm\dynamic-form-multi-tenant\DynamicForm\appScripts\BusinessUnitQuestion\Generated.BusinessUnitQuestion.Component.js.map
E:\BitBucketProjects\DynamicForm\dynamic-form-multi-tenant\DynamicForm\appScripts\Member\Generated.Member.Service.js
E:\BitBucketProjects\DynamicForm\dynamic-form-multi-tenant\DynamicForm\appScripts\Member\Generated.Member.Service.js.map
E:\BitBucketProjects\DynamicForm\dynamic-form-multi-tenant\DynamicForm\appScripts\Member\Generated.Member.Component.js
E:\BitBucketProjects\DynamicForm\dynamic-form-multi-tenant\DynamicForm\appScripts\Member\Generated.Member.Component.js.map
E:\BitBucketProjects\DynamicForm\dynamic-form-multi-tenant\DynamicForm\appScripts\Option\Generated.Option.Service.js
E:\BitBucketProjects\DynamicForm\dynamic-form-multi-tenant\DynamicForm\appScripts\Option\Generated.Option.Service.js.map
E:\BitBucketProjects\DynamicForm\dynamic-form-multi-tenant\DynamicForm\appScripts\Option\Generated.Option.Component.js
E:\BitBucketProjects\DynamicForm\dynamic-form-multi-tenant\DynamicForm\appScripts\Option\Generated.Option.Component.js.map
E:\BitBucketProjects\DynamicForm\dynamic-form-multi-tenant\DynamicForm\appScripts\QuestionType\Generated.QuestionType.Component.js
E:\BitBucketProjects\DynamicForm\dynamic-form-multi-tenant\DynamicForm\appScripts\QuestionType\Generated.QuestionType.Component.js.map
E:\BitBucketProjects\DynamicForm\dynamic-form-multi-tenant\DynamicForm\appScripts\sysdiagrams\Generated.sysdiagrams.Service.js
E:\BitBucketProjects\DynamicForm\dynamic-form-multi-tenant\DynamicForm\appScripts\sysdiagrams\Generated.sysdiagrams.Service.js.map
E:\BitBucketProjects\DynamicForm\dynamic-form-multi-tenant\DynamicForm\appScripts\sysdiagrams\Generated.sysdiagrams.Component.js
E:\BitBucketProjects\DynamicForm\dynamic-form-multi-tenant\DynamicForm\appScripts\sysdiagrams\Generated.sysdiagrams.Component.js.map
